<?xml version="1.0" encoding="UTF-8"?>
<testsuite xmlns:xsi="http://www.w3.org/2001/XMLSchema-instance" xsi:noNamespaceSchemaLocation="https://maven.apache.org/surefire/maven-surefire-plugin/xsd/surefire-test-report.xsd" version="3.0.2" name="it.univr.di.cstnu.algorithms.PSTNTest" time="7.514" tests="2" errors="0" skipped="0" failures="0">
  <properties>
    <property name="java.specification.version" value="21"/>
    <property name="sun.jnu.encoding" value="UTF-8"/>
    <property name="java.class.path" value="/Users/akalandadze/Desktop/CSTNU/MatLabPlugin4CSTNUTool/target/test-classes:/Users/akalandadze/Desktop/CSTNU/MatLabPlugin4CSTNUTool/target/classes:/Users/akalandadze/.m2/repository/it/univr/di/CSTNU-Tool/5.0/CSTNU-Tool-5.0.jar:/Users/akalandadze/.m2/repository/com/mathworks/matlab/R2024b/matlab-R2024b.jar:/Users/akalandadze/.m2/repository/junit/junit/4.13.2/junit-4.13.2.jar:/Users/akalandadze/.m2/repository/org/hamcrest/hamcrest-core/1.3/hamcrest-core-1.3.jar:/Users/akalandadze/.m2/repository/com/github/spotbugs/spotbugs-maven-plugin/4.8.6.2/spotbugs-maven-plugin-4.8.6.2.jar:/Users/akalandadze/.m2/repository/com/github/spotbugs/spotbugs/4.8.6/spotbugs-4.8.6.jar:/Users/akalandadze/.m2/repository/com/github/stephenc/jcip/jcip-annotations/1.0-1/jcip-annotations-1.0-1.jar:/Users/akalandadze/.m2/repository/org/dom4j/dom4j/2.1.4/dom4j-2.1.4.jar:/Users/akalandadze/.m2/repository/org/apache/commons/commons-text/1.10.0/commons-text-1.10.0.jar:/Users/akalandadze/.m2/repository/com/github/spotbugs/spotbugs-annotations/4.8.6/spotbugs-annotations-4.8.6.jar:/Users/akalandadze/.m2/repository/net/sf/saxon/Saxon-HE/12.4/Saxon-HE-12.4.jar:/Users/akalandadze/.m2/repository/org/xmlresolver/xmlresolver/5.2.2/xmlresolver-5.2.2.jar:/Users/akalandadze/.m2/repository/org/apache/httpcomponents/client5/httpclient5/5.1.3/httpclient5-5.1.3.jar:/Users/akalandadze/.m2/repository/org/apache/httpcomponents/core5/httpcore5-h2/5.1.3/httpcore5-h2-5.1.3.jar:/Users/akalandadze/.m2/repository/org/apache/httpcomponents/core5/httpcore5/5.1.3/httpcore5-5.1.3.jar:/Users/akalandadze/.m2/repository/org/xmlresolver/xmlresolver/5.2.2/xmlresolver-5.2.2-data.jar:/Users/akalandadze/.m2/repository/org/apache/logging/log4j/log4j-to-slf4j/2.23.1/log4j-to-slf4j-2.23.1.jar:/Users/akalandadze/.m2/repository/org/apache/logging/log4j/log4j-api/2.23.1/log4j-api-2.23.1.jar:/Users/akalandadze/.m2/repository/org/slf4j/jcl-over-slf4j/2.0.13/jcl-over-slf4j-2.0.13.jar:/Users/akalandadze/.m2/repository/org/slf4j/slf4j-api/2.0.13/slf4j-api-2.0.13.jar:/Users/akalandadze/.m2/repository/org/slf4j/slf4j-simple/2.0.13/slf4j-simple-2.0.13.jar:/Users/akalandadze/.m2/repository/org/ow2/asm/asm/9.7/asm-9.7.jar:/Users/akalandadze/.m2/repository/org/ow2/asm/asm-analysis/9.7/asm-analysis-9.7.jar:/Users/akalandadze/.m2/repository/org/ow2/asm/asm-commons/9.7/asm-commons-9.7.jar:/Users/akalandadze/.m2/repository/org/ow2/asm/asm-tree/9.7/asm-tree-9.7.jar:/Users/akalandadze/.m2/repository/org/ow2/asm/asm-util/9.7/asm-util-9.7.jar:/Users/akalandadze/.m2/repository/org/apache/bcel/bcel/6.9.0/bcel-6.9.0.jar:/Users/akalandadze/.m2/repository/com/google/code/gson/gson/2.11.0/gson-2.11.0.jar:/Users/akalandadze/.m2/repository/com/google/errorprone/error_prone_annotations/2.27.0/error_prone_annotations-2.27.0.jar:/Users/akalandadze/.m2/repository/org/apache/ant/ant/1.10.14/ant-1.10.14.jar:/Users/akalandadze/.m2/repository/org/apache/ant/ant-launcher/1.10.14/ant-launcher-1.10.14.jar:/Users/akalandadze/.m2/repository/org/apache/groovy/groovy/4.0.22/groovy-4.0.22.jar:/Users/akalandadze/.m2/repository/org/apache/groovy/groovy-ant/4.0.22/groovy-ant-4.0.22.jar:/Users/akalandadze/.m2/repository/org/apache/groovy/groovy-groovydoc/4.0.22/groovy-groovydoc-4.0.22.jar:/Users/akalandadze/.m2/repository/org/apache/groovy/groovy-dateutil/4.0.22/groovy-dateutil-4.0.22.jar:/Users/akalandadze/.m2/repository/org/apache/groovy/groovy-json/4.0.22/groovy-json-4.0.22.jar:/Users/akalandadze/.m2/repository/org/apache/groovy/groovy-xml/4.0.22/groovy-xml-4.0.22.jar:/Users/akalandadze/.m2/repository/com/github/javaparser/javaparser-core/3.26.1/javaparser-core-3.26.1.jar:/Users/akalandadze/.m2/repository/com/google/guava/guava/33.2.1-jre/guava-33.2.1-jre.jar:/Users/akalandadze/.m2/repository/com/google/guava/failureaccess/1.0.2/failureaccess-1.0.2.jar:/Users/akalandadze/.m2/repository/com/google/guava/listenablefuture/9999.0-empty-to-avoid-conflict-with-guava/listenablefuture-9999.0-empty-to-avoid-conflict-with-guava.jar:/Users/akalandadze/.m2/repository/com/google/code/findbugs/jsr305/3.0.2/jsr305-3.0.2.jar:/Users/akalandadze/.m2/repository/com/google/j2objc/j2objc-annotations/3.0.0/j2objc-annotations-3.0.0.jar:/Users/akalandadze/.m2/repository/jaxen/jaxen/2.0.0/jaxen-2.0.0.jar:/Users/akalandadze/.m2/repository/org/apache/maven/reporting/maven-reporting-api/3.1.1/maven-reporting-api-3.1.1.jar:/Users/akalandadze/.m2/repository/org/apache/maven/reporting/maven-reporting-impl/3.2.0/maven-reporting-impl-3.2.0.jar:/Users/akalandadze/.m2/repository/org/apache/maven/maven-core/3.1.0/maven-core-3.1.0.jar:/Users/akalandadze/.m2/repository/org/apache/maven/maven-settings/3.1.0/maven-settings-3.1.0.jar:/Users/akalandadze/.m2/repository/org/apache/maven/maven-settings-builder/3.1.0/maven-settings-builder-3.1.0.jar:/Users/akalandadze/.m2/repository/org/apache/maven/maven-repository-metadata/3.1.0/maven-repository-metadata-3.1.0.jar:/Users/akalandadze/.m2/repository/org/apache/maven/maven-model-builder/3.1.0/maven-model-builder-3.1.0.jar:/Users/akalandadze/.m2/repository/org/apache/maven/maven-aether-provider/3.1.0/maven-aether-provider-3.1.0.jar:/Users/akalandadze/.m2/repository/org/eclipse/aether/aether-spi/0.9.0.M2/aether-spi-0.9.0.M2.jar:/Users/akalandadze/.m2/repository/org/eclipse/aether/aether-impl/0.9.0.M2/aether-impl-0.9.0.M2.jar:/Users/akalandadze/.m2/repository/org/eclipse/aether/aether-api/0.9.0.M2/aether-api-0.9.0.M2.jar:/Users/akalandadze/.m2/repository/org/eclipse/aether/aether-util/0.9.0.M2/aether-util-0.9.0.M2.jar:/Users/akalandadze/.m2/repository/org/eclipse/sisu/org.eclipse.sisu.plexus/0.0.0.M2a/org.eclipse.sisu.plexus-0.0.0.M2a.jar:/Users/akalandadze/.m2/repository/javax/enterprise/cdi-api/1.0/cdi-api-1.0.jar:/Users/akalandadze/.m2/repository/javax/annotation/jsr250-api/1.0/jsr250-api-1.0.jar:/Users/akalandadze/.m2/repository/org/sonatype/sisu/sisu-guice/3.1.0/sisu-guice-3.1.0-no_aop.jar:/Users/akalandadze/.m2/repository/aopalliance/aopalliance/1.0/aopalliance-1.0.jar:/Users/akalandadze/.m2/repository/org/eclipse/sisu/org.eclipse.sisu.inject/0.0.0.M2a/org.eclipse.sisu.inject-0.0.0.M2a.jar:/Users/akalandadze/.m2/repository/asm/asm/3.3.1/asm-3.3.1.jar:/Users/akalandadze/.m2/repository/org/codehaus/plexus/plexus-classworlds/2.4.2/plexus-classworlds-2.4.2.jar:/Users/akalandadze/.m2/repository/org/sonatype/plexus/plexus-sec-dispatcher/1.3/plexus-sec-dispatcher-1.3.jar:/Users/akalandadze/.m2/repository/org/sonatype/plexus/plexus-cipher/1.4/plexus-cipher-1.4.jar:/Users/akalandadze/.m2/repository/org/apache/maven/maven-artifact/3.1.0/maven-artifact-3.1.0.jar:/Users/akalandadze/.m2/repository/org/apache/maven/maven-plugin-api/3.1.0/maven-plugin-api-3.1.0.jar:/Users/akalandadze/.m2/repository/org/apache/maven/shared/maven-artifact-transfer/0.13.1/maven-artifact-transfer-0.13.1.jar:/Users/akalandadze/.m2/repository/org/codehaus/plexus/plexus-component-annotations/2.0.0/plexus-component-annotations-2.0.0.jar:/Users/akalandadze/.m2/repository/org/apache/maven/shared/maven-common-artifact-filters/3.4.0/maven-common-artifact-filters-3.4.0.jar:/Users/akalandadze/.m2/repository/org/apache/maven/resolver/maven-resolver-util/1.4.1/maven-resolver-util-1.4.1.jar:/Users/akalandadze/.m2/repository/org/apache/maven/resolver/maven-resolver-api/1.4.1/maven-resolver-api-1.4.1.jar:/Users/akalandadze/.m2/repository/org/apache/maven/shared/maven-shared-utils/3.4.2/maven-shared-utils-3.4.2.jar:/Users/akalandadze/.m2/repository/org/apache/maven/doxia/doxia-core/1.12.0/doxia-core-1.12.0.jar:/Users/akalandadze/.m2/repository/org/apache/maven/doxia/doxia-logging-api/1.12.0/doxia-logging-api-1.12.0.jar:/Users/akalandadze/.m2/repository/org/apache/httpcomponents/httpclient/4.5.13/httpclient-4.5.13.jar:/Users/akalandadze/.m2/repository/org/apache/httpcomponents/httpcore/4.4.14/httpcore-4.4.14.jar:/Users/akalandadze/.m2/repository/org/apache/maven/doxia/doxia-sink-api/1.12.0/doxia-sink-api-1.12.0.jar:/Users/akalandadze/.m2/repository/org/apache/maven/doxia/doxia-decoration-model/1.11.1/doxia-decoration-model-1.11.1.jar:/Users/akalandadze/.m2/repository/org/apache/maven/doxia/doxia-site-renderer/1.11.1/doxia-site-renderer-1.11.1.jar:/Users/akalandadze/.m2/repository/org/apache/maven/doxia/doxia-skin-model/1.11.1/doxia-skin-model-1.11.1.jar:/Users/akalandadze/.m2/repository/org/apache/maven/doxia/doxia-module-xhtml/1.11.1/doxia-module-xhtml-1.11.1.jar:/Users/akalandadze/.m2/repository/org/apache/maven/doxia/doxia-module-xhtml5/1.11.1/doxia-module-xhtml5-1.11.1.jar:/Users/akalandadze/.m2/repository/org/codehaus/plexus/plexus-i18n/1.0-beta-10/plexus-i18n-1.0-beta-10.jar:/Users/akalandadze/.m2/repository/org/codehaus/plexus/plexus-velocity/1.2/plexus-velocity-1.2.jar:/Users/akalandadze/.m2/repository/org/apache/velocity/velocity/1.7/velocity-1.7.jar:/Users/akalandadze/.m2/repository/org/apache/velocity/velocity-tools/2.0/velocity-tools-2.0.jar:/Users/akalandadze/.m2/repository/oro/oro/2.0.8/oro-2.0.8.jar:/Users/akalandadze/.m2/repository/org/apache/maven/doxia/doxia-integration-tools/1.11.1/doxia-integration-tools-1.11.1.jar:/Users/akalandadze/.m2/repository/org/apache/maven/maven-model/2.2.1/maven-model-2.2.1.jar:/Users/akalandadze/.m2/repository/org/codehaus/plexus/plexus-interpolation/1.26/plexus-interpolation-1.26.jar:/Users/akalandadze/.m2/repository/commons-beanutils/commons-beanutils/1.9.4/commons-beanutils-1.9.4.jar:/Users/akalandadze/.m2/repository/commons-chain/commons-chain/1.2/commons-chain-1.2.jar:/Users/akalandadze/.m2/repository/commons-codec/commons-codec/1.17.0/commons-codec-1.17.0.jar:/Users/akalandadze/.m2/repository/commons-collections/commons-collections/3.2.2/commons-collections-3.2.2.jar:/Users/akalandadze/.m2/repository/commons-digester/commons-digester/2.1/commons-digester-2.1.jar:/Users/akalandadze/.m2/repository/commons-io/commons-io/2.16.1/commons-io-2.16.1.jar:/Users/akalandadze/.m2/repository/commons-lang/commons-lang/2.6/commons-lang-2.6.jar:/Users/akalandadze/.m2/repository/org/apache/commons/commons-lang3/3.14.0/commons-lang3-3.14.0.jar:/Users/akalandadze/.m2/repository/org/codehaus/plexus/plexus-resources/1.3.0/plexus-resources-1.3.0.jar:/Users/akalandadze/.m2/repository/javax/inject/javax.inject/1/javax.inject-1.jar:/Users/akalandadze/.m2/repository/org/codehaus/plexus/plexus-utils/4.0.1/plexus-utils-4.0.1.jar:/Users/akalandadze/.m2/repository/org/codehaus/plexus/plexus-xml/3.0.1/plexus-xml-3.0.1.jar:/Users/akalandadze/.m2/repository/org/checkerframework/checker-qual/3.45.0/checker-qual-3.45.0.jar:"/>
    <property name="java.vm.vendor" value="Oracle Corporation"/>
    <property name="sun.arch.data.model" value="64"/>
    <property name="java.vendor.url" value="https://java.oracle.com/"/>
    <property name="os.name" value="Mac OS X"/>
    <property name="java.vm.specification.version" value="21"/>
    <property name="user.country" value="US"/>
    <property name="sun.java.launcher" value="SUN_STANDARD"/>
    <property name="sun.boot.library.path" value="/Users/akalandadze/Library/Java/JavaVirtualMachines/openjdk-21.0.2/Contents/Home/lib"/>
    <property name="sun.java.command" value="/Users/akalandadze/Desktop/CSTNU/MatLabPlugin4CSTNUTool/target/surefire/surefirebooter-20250203142012261_3.jar /Users/akalandadze/Desktop/CSTNU/MatLabPlugin4CSTNUTool/target/surefire 2025-02-03T14-20-12_230-jvmRun1 surefire-20250203142012261_1tmp surefire_0-20250203142012261_2tmp"/>
    <property name="http.nonProxyHosts" value="local|*.local|169.254/16|*.169.254/16"/>
    <property name="jdk.debug" value="release"/>
    <property name="surefire.test.class.path" value="/Users/akalandadze/Desktop/CSTNU/MatLabPlugin4CSTNUTool/target/test-classes:/Users/akalandadze/Desktop/CSTNU/MatLabPlugin4CSTNUTool/target/classes:/Users/akalandadze/.m2/repository/it/univr/di/CSTNU-Tool/5.0/CSTNU-Tool-5.0.jar:/Users/akalandadze/.m2/repository/com/mathworks/matlab/R2024b/matlab-R2024b.jar:/Users/akalandadze/.m2/repository/junit/junit/4.13.2/junit-4.13.2.jar:/Users/akalandadze/.m2/repository/org/hamcrest/hamcrest-core/1.3/hamcrest-core-1.3.jar:/Users/akalandadze/.m2/repository/com/github/spotbugs/spotbugs-maven-plugin/4.8.6.2/spotbugs-maven-plugin-4.8.6.2.jar:/Users/akalandadze/.m2/repository/com/github/spotbugs/spotbugs/4.8.6/spotbugs-4.8.6.jar:/Users/akalandadze/.m2/repository/com/github/stephenc/jcip/jcip-annotations/1.0-1/jcip-annotations-1.0-1.jar:/Users/akalandadze/.m2/repository/org/dom4j/dom4j/2.1.4/dom4j-2.1.4.jar:/Users/akalandadze/.m2/repository/org/apache/commons/commons-text/1.10.0/commons-text-1.10.0.jar:/Users/akalandadze/.m2/repository/com/github/spotbugs/spotbugs-annotations/4.8.6/spotbugs-annotations-4.8.6.jar:/Users/akalandadze/.m2/repository/net/sf/saxon/Saxon-HE/12.4/Saxon-HE-12.4.jar:/Users/akalandadze/.m2/repository/org/xmlresolver/xmlresolver/5.2.2/xmlresolver-5.2.2.jar:/Users/akalandadze/.m2/repository/org/apache/httpcomponents/client5/httpclient5/5.1.3/httpclient5-5.1.3.jar:/Users/akalandadze/.m2/repository/org/apache/httpcomponents/core5/httpcore5-h2/5.1.3/httpcore5-h2-5.1.3.jar:/Users/akalandadze/.m2/repository/org/apache/httpcomponents/core5/httpcore5/5.1.3/httpcore5-5.1.3.jar:/Users/akalandadze/.m2/repository/org/xmlresolver/xmlresolver/5.2.2/xmlresolver-5.2.2-data.jar:/Users/akalandadze/.m2/repository/org/apache/logging/log4j/log4j-to-slf4j/2.23.1/log4j-to-slf4j-2.23.1.jar:/Users/akalandadze/.m2/repository/org/apache/logging/log4j/log4j-api/2.23.1/log4j-api-2.23.1.jar:/Users/akalandadze/.m2/repository/org/slf4j/jcl-over-slf4j/2.0.13/jcl-over-slf4j-2.0.13.jar:/Users/akalandadze/.m2/repository/org/slf4j/slf4j-api/2.0.13/slf4j-api-2.0.13.jar:/Users/akalandadze/.m2/repository/org/slf4j/slf4j-simple/2.0.13/slf4j-simple-2.0.13.jar:/Users/akalandadze/.m2/repository/org/ow2/asm/asm/9.7/asm-9.7.jar:/Users/akalandadze/.m2/repository/org/ow2/asm/asm-analysis/9.7/asm-analysis-9.7.jar:/Users/akalandadze/.m2/repository/org/ow2/asm/asm-commons/9.7/asm-commons-9.7.jar:/Users/akalandadze/.m2/repository/org/ow2/asm/asm-tree/9.7/asm-tree-9.7.jar:/Users/akalandadze/.m2/repository/org/ow2/asm/asm-util/9.7/asm-util-9.7.jar:/Users/akalandadze/.m2/repository/org/apache/bcel/bcel/6.9.0/bcel-6.9.0.jar:/Users/akalandadze/.m2/repository/com/google/code/gson/gson/2.11.0/gson-2.11.0.jar:/Users/akalandadze/.m2/repository/com/google/errorprone/error_prone_annotations/2.27.0/error_prone_annotations-2.27.0.jar:/Users/akalandadze/.m2/repository/org/apache/ant/ant/1.10.14/ant-1.10.14.jar:/Users/akalandadze/.m2/repository/org/apache/ant/ant-launcher/1.10.14/ant-launcher-1.10.14.jar:/Users/akalandadze/.m2/repository/org/apache/groovy/groovy/4.0.22/groovy-4.0.22.jar:/Users/akalandadze/.m2/repository/org/apache/groovy/groovy-ant/4.0.22/groovy-ant-4.0.22.jar:/Users/akalandadze/.m2/repository/org/apache/groovy/groovy-groovydoc/4.0.22/groovy-groovydoc-4.0.22.jar:/Users/akalandadze/.m2/repository/org/apache/groovy/groovy-dateutil/4.0.22/groovy-dateutil-4.0.22.jar:/Users/akalandadze/.m2/repository/org/apache/groovy/groovy-json/4.0.22/groovy-json-4.0.22.jar:/Users/akalandadze/.m2/repository/org/apache/groovy/groovy-xml/4.0.22/groovy-xml-4.0.22.jar:/Users/akalandadze/.m2/repository/com/github/javaparser/javaparser-core/3.26.1/javaparser-core-3.26.1.jar:/Users/akalandadze/.m2/repository/com/google/guava/guava/33.2.1-jre/guava-33.2.1-jre.jar:/Users/akalandadze/.m2/repository/com/google/guava/failureaccess/1.0.2/failureaccess-1.0.2.jar:/Users/akalandadze/.m2/repository/com/google/guava/listenablefuture/9999.0-empty-to-avoid-conflict-with-guava/listenablefuture-9999.0-empty-to-avoid-conflict-with-guava.jar:/Users/akalandadze/.m2/repository/com/google/code/findbugs/jsr305/3.0.2/jsr305-3.0.2.jar:/Users/akalandadze/.m2/repository/com/google/j2objc/j2objc-annotations/3.0.0/j2objc-annotations-3.0.0.jar:/Users/akalandadze/.m2/repository/jaxen/jaxen/2.0.0/jaxen-2.0.0.jar:/Users/akalandadze/.m2/repository/org/apache/maven/reporting/maven-reporting-api/3.1.1/maven-reporting-api-3.1.1.jar:/Users/akalandadze/.m2/repository/org/apache/maven/reporting/maven-reporting-impl/3.2.0/maven-reporting-impl-3.2.0.jar:/Users/akalandadze/.m2/repository/org/apache/maven/maven-core/3.1.0/maven-core-3.1.0.jar:/Users/akalandadze/.m2/repository/org/apache/maven/maven-settings/3.1.0/maven-settings-3.1.0.jar:/Users/akalandadze/.m2/repository/org/apache/maven/maven-settings-builder/3.1.0/maven-settings-builder-3.1.0.jar:/Users/akalandadze/.m2/repository/org/apache/maven/maven-repository-metadata/3.1.0/maven-repository-metadata-3.1.0.jar:/Users/akalandadze/.m2/repository/org/apache/maven/maven-model-builder/3.1.0/maven-model-builder-3.1.0.jar:/Users/akalandadze/.m2/repository/org/apache/maven/maven-aether-provider/3.1.0/maven-aether-provider-3.1.0.jar:/Users/akalandadze/.m2/repository/org/eclipse/aether/aether-spi/0.9.0.M2/aether-spi-0.9.0.M2.jar:/Users/akalandadze/.m2/repository/org/eclipse/aether/aether-impl/0.9.0.M2/aether-impl-0.9.0.M2.jar:/Users/akalandadze/.m2/repository/org/eclipse/aether/aether-api/0.9.0.M2/aether-api-0.9.0.M2.jar:/Users/akalandadze/.m2/repository/org/eclipse/aether/aether-util/0.9.0.M2/aether-util-0.9.0.M2.jar:/Users/akalandadze/.m2/repository/org/eclipse/sisu/org.eclipse.sisu.plexus/0.0.0.M2a/org.eclipse.sisu.plexus-0.0.0.M2a.jar:/Users/akalandadze/.m2/repository/javax/enterprise/cdi-api/1.0/cdi-api-1.0.jar:/Users/akalandadze/.m2/repository/javax/annotation/jsr250-api/1.0/jsr250-api-1.0.jar:/Users/akalandadze/.m2/repository/org/sonatype/sisu/sisu-guice/3.1.0/sisu-guice-3.1.0-no_aop.jar:/Users/akalandadze/.m2/repository/aopalliance/aopalliance/1.0/aopalliance-1.0.jar:/Users/akalandadze/.m2/repository/org/eclipse/sisu/org.eclipse.sisu.inject/0.0.0.M2a/org.eclipse.sisu.inject-0.0.0.M2a.jar:/Users/akalandadze/.m2/repository/asm/asm/3.3.1/asm-3.3.1.jar:/Users/akalandadze/.m2/repository/org/codehaus/plexus/plexus-classworlds/2.4.2/plexus-classworlds-2.4.2.jar:/Users/akalandadze/.m2/repository/org/sonatype/plexus/plexus-sec-dispatcher/1.3/plexus-sec-dispatcher-1.3.jar:/Users/akalandadze/.m2/repository/org/sonatype/plexus/plexus-cipher/1.4/plexus-cipher-1.4.jar:/Users/akalandadze/.m2/repository/org/apache/maven/maven-artifact/3.1.0/maven-artifact-3.1.0.jar:/Users/akalandadze/.m2/repository/org/apache/maven/maven-plugin-api/3.1.0/maven-plugin-api-3.1.0.jar:/Users/akalandadze/.m2/repository/org/apache/maven/shared/maven-artifact-transfer/0.13.1/maven-artifact-transfer-0.13.1.jar:/Users/akalandadze/.m2/repository/org/codehaus/plexus/plexus-component-annotations/2.0.0/plexus-component-annotations-2.0.0.jar:/Users/akalandadze/.m2/repository/org/apache/maven/shared/maven-common-artifact-filters/3.4.0/maven-common-artifact-filters-3.4.0.jar:/Users/akalandadze/.m2/repository/org/apache/maven/resolver/maven-resolver-util/1.4.1/maven-resolver-util-1.4.1.jar:/Users/akalandadze/.m2/repository/org/apache/maven/resolver/maven-resolver-api/1.4.1/maven-resolver-api-1.4.1.jar:/Users/akalandadze/.m2/repository/org/apache/maven/shared/maven-shared-utils/3.4.2/maven-shared-utils-3.4.2.jar:/Users/akalandadze/.m2/repository/org/apache/maven/doxia/doxia-core/1.12.0/doxia-core-1.12.0.jar:/Users/akalandadze/.m2/repository/org/apache/maven/doxia/doxia-logging-api/1.12.0/doxia-logging-api-1.12.0.jar:/Users/akalandadze/.m2/repository/org/apache/httpcomponents/httpclient/4.5.13/httpclient-4.5.13.jar:/Users/akalandadze/.m2/repository/org/apache/httpcomponents/httpcore/4.4.14/httpcore-4.4.14.jar:/Users/akalandadze/.m2/repository/org/apache/maven/doxia/doxia-sink-api/1.12.0/doxia-sink-api-1.12.0.jar:/Users/akalandadze/.m2/repository/org/apache/maven/doxia/doxia-decoration-model/1.11.1/doxia-decoration-model-1.11.1.jar:/Users/akalandadze/.m2/repository/org/apache/maven/doxia/doxia-site-renderer/1.11.1/doxia-site-renderer-1.11.1.jar:/Users/akalandadze/.m2/repository/org/apache/maven/doxia/doxia-skin-model/1.11.1/doxia-skin-model-1.11.1.jar:/Users/akalandadze/.m2/repository/org/apache/maven/doxia/doxia-module-xhtml/1.11.1/doxia-module-xhtml-1.11.1.jar:/Users/akalandadze/.m2/repository/org/apache/maven/doxia/doxia-module-xhtml5/1.11.1/doxia-module-xhtml5-1.11.1.jar:/Users/akalandadze/.m2/repository/org/codehaus/plexus/plexus-i18n/1.0-beta-10/plexus-i18n-1.0-beta-10.jar:/Users/akalandadze/.m2/repository/org/codehaus/plexus/plexus-velocity/1.2/plexus-velocity-1.2.jar:/Users/akalandadze/.m2/repository/org/apache/velocity/velocity/1.7/velocity-1.7.jar:/Users/akalandadze/.m2/repository/org/apache/velocity/velocity-tools/2.0/velocity-tools-2.0.jar:/Users/akalandadze/.m2/repository/oro/oro/2.0.8/oro-2.0.8.jar:/Users/akalandadze/.m2/repository/org/apache/maven/doxia/doxia-integration-tools/1.11.1/doxia-integration-tools-1.11.1.jar:/Users/akalandadze/.m2/repository/org/apache/maven/maven-model/2.2.1/maven-model-2.2.1.jar:/Users/akalandadze/.m2/repository/org/codehaus/plexus/plexus-interpolation/1.26/plexus-interpolation-1.26.jar:/Users/akalandadze/.m2/repository/commons-beanutils/commons-beanutils/1.9.4/commons-beanutils-1.9.4.jar:/Users/akalandadze/.m2/repository/commons-chain/commons-chain/1.2/commons-chain-1.2.jar:/Users/akalandadze/.m2/repository/commons-codec/commons-codec/1.17.0/commons-codec-1.17.0.jar:/Users/akalandadze/.m2/repository/commons-collections/commons-collections/3.2.2/commons-collections-3.2.2.jar:/Users/akalandadze/.m2/repository/commons-digester/commons-digester/2.1/commons-digester-2.1.jar:/Users/akalandadze/.m2/repository/commons-io/commons-io/2.16.1/commons-io-2.16.1.jar:/Users/akalandadze/.m2/repository/commons-lang/commons-lang/2.6/commons-lang-2.6.jar:/Users/akalandadze/.m2/repository/org/apache/commons/commons-lang3/3.14.0/commons-lang3-3.14.0.jar:/Users/akalandadze/.m2/repository/org/codehaus/plexus/plexus-resources/1.3.0/plexus-resources-1.3.0.jar:/Users/akalandadze/.m2/repository/javax/inject/javax.inject/1/javax.inject-1.jar:/Users/akalandadze/.m2/repository/org/codehaus/plexus/plexus-utils/4.0.1/plexus-utils-4.0.1.jar:/Users/akalandadze/.m2/repository/org/codehaus/plexus/plexus-xml/3.0.1/plexus-xml-3.0.1.jar:/Users/akalandadze/.m2/repository/org/checkerframework/checker-qual/3.45.0/checker-qual-3.45.0.jar:"/>
    <property name="sun.cpu.endian" value="little"/>
    <property name="user.home" value="/Users/akalandadze"/>
    <property name="user.language" value="en"/>
    <property name="java.specification.vendor" value="Oracle Corporation"/>
    <property name="java.version.date" value="2024-01-16"/>
    <property name="java.home" value="/Users/akalandadze/Library/Java/JavaVirtualMachines/openjdk-21.0.2/Contents/Home"/>
    <property name="file.separator" value="/"/>
    <property name="basedir" value="/Users/akalandadze/Desktop/CSTNU/MatLabPlugin4CSTNUTool"/>
    <property name="java.vm.compressedOopsMode" value="Zero based"/>
    <property name="line.separator" value="&#10;"/>
    <property name="java.vm.specification.vendor" value="Oracle Corporation"/>
    <property name="java.specification.name" value="Java Platform API Specification"/>
    <property name="apple.awt.application.name" value="ForkedBooter"/>
    <property name="surefire.real.class.path" value="/Users/akalandadze/Desktop/CSTNU/MatLabPlugin4CSTNUTool/target/surefire/surefirebooter-20250203142012261_3.jar"/>
    <property name="sun.management.compiler" value="HotSpot 64-Bit Tiered Compilers"/>
    <property name="ftp.nonProxyHosts" value="local|*.local|169.254/16|*.169.254/16"/>
    <property name="java.runtime.version" value="21.0.2+13-58"/>
    <property name="user.name" value="akalandadze"/>
    <property name="stdout.encoding" value="UTF-8"/>
    <property name="path.separator" value=":"/>
    <property name="os.version" value="13.2.1"/>
    <property name="java.runtime.name" value="OpenJDK Runtime Environment"/>
    <property name="file.encoding" value="UTF-8"/>
    <property name="java.vm.name" value="OpenJDK 64-Bit Server VM"/>
    <property name="localRepository" value="/Users/akalandadze/.m2/repository"/>
    <property name="java.vendor.url.bug" value="https://bugreport.java.com/bugreport/"/>
    <property name="java.io.tmpdir" value="/var/folders/kl/y7rcnhh17hddb2hfmshzn68c0000gn/T/"/>
    <property name="idea.version" value="2024.3.1.1"/>
    <property name="java.version" value="21.0.2"/>
    <property name="user.dir" value="/Users/akalandadze/Desktop/CSTNU/MatLabPlugin4CSTNUTool"/>
    <property name="os.arch" value="aarch64"/>
    <property name="java.vm.specification.name" value="Java Virtual Machine Specification"/>
    <property name="native.encoding" value="UTF-8"/>
    <property name="java.library.path" value="/Applications/MATLAB_R2024b.app/bin/maca64"/>
    <property name="java.vm.info" value="mixed mode, sharing"/>
    <property name="stderr.encoding" value="UTF-8"/>
    <property name="java.vendor" value="Oracle Corporation"/>
    <property name="java.vm.version" value="21.0.2+13-58"/>
    <property name="sun.io.unicode.encoding" value="UnicodeBig"/>
    <property name="socksNonProxyHosts" value="local|*.local|169.254/16|*.169.254/16"/>
    <property name="java.class.version" value="65.0"/>
  </properties>
  <testcase name="buildApproxSTNU" classname="it.univr.di.cstnu.algorithms.PSTNTest" time="5.474"/>
  <testcase name="logNormalStringTest" classname="it.univr.di.cstnu.algorithms.PSTNTest" time="2.014"/>
</testsuite>